aplicacion LOGIN, REGISTRO CUY/ProyectoCuy/app/build/intermediates/manifest_merge_blame_file/debug/manifest-merger-blame-debug-report.txt
1<?xml version="1.0" encoding="utf-8"?>
2<manifest xmlns:android="http://schemas.android.com/apk/res/android"
3    package="com.example.proyectocuy"
4    android:versionCode="1"
5    android:versionName="1.0" >
6
7    <uses-sdk
8        android:minSdkVersion="23"
8-->src\main\AndroidManifest.xml
9        android:targetSdkVersion="30" />
9-->src\main\AndroidManifest.xml
10
11    <uses-permission android:name="android.permission.INTERNET" />
11-->src\main\AndroidManifest.xml:5:5-67
11-->src\main\AndroidManifest.xml:5:22-64
12
13    <application
13-->src\main\AndroidManifest.xml:7:5-30:19
14        android:allowBackup="true"
14-->src\main\AndroidManifest.xml:8:9-35
15        android:appComponentFactory="androidx.core.app.CoreComponentFactory"
15-->[androidx.core:core:1.3.1] AndroidManifest.xml:24:18-86
16        android:debuggable="true"
17        android:extractNativeLibs="false"
18        android:icon="@mipmap/ic_launcher"
18-->src\main\AndroidManifest.xml:9:9-43
19        android:label="@string/app_name"
19-->src\main\AndroidManifest.xml:10:9-41
20        android:roundIcon="@mipmap/ic_launcher_round"
20-->src\main\AndroidManifest.xml:11:9-54
21        android:supportsRtl="true"
21-->src\main\AndroidManifest.xml:12:9-35
22        android:testOnly="true"
23        android:theme="@style/Theme.AppCompat.Light.NoActionBar" >
23-->src\main\AndroidManifest.xml:13:9-65
24        <activity android:name="com.example.proyectocuy.RegistroCuyUnidad" />
24-->src\main\AndroidManifest.xml:14:9-64
24-->src\main\AndroidManifest.xml:14:19-52
25        <activity android:name="com.example.proyectocuy.DistribucionRecomendado" />
25-->src\main\AndroidManifest.xml:15:9-61
25-->src\main\AndroidManifest.xml:15:19-58
26        <activity android:name="com.example.proyectocuy.Prueba" />
26-->src\main\AndroidManifest.xml:16:9-44
26-->src\main\AndroidManifest.xml:16:19-41
27        <activity android:name="com.example.proyectocuy.RegistroCuy" />
27-->src\main\AndroidManifest.xml:17:9-49
27-->src\main\AndroidManifest.xml:17:19-46
28        <activity android:name="com.example.proyectocuy.ConsultarUsuario" />
28-->src\main\AndroidManifest.xml:18:9-54
28-->src\main\AndroidManifest.xml:18:19-51
29        <activity android:name="com.example.proyectocuy.Usuario" />
29-->src\main\AndroidManifest.xml:19:9-45
29-->src\main\AndroidManifest.xml:19:19-42
30        <activity android:name="com.example.proyectocuy.ContrasenaOlvidada" />
30-->src\main\AndroidManifest.xml:20:9-56
30-->src\main\AndroidManifest.xml:20:19-53
31        <activity android:name="com.example.proyectocuy.InicioCorreo" />
31-->src\main\AndroidManifest.xml:21:9-50
31-->src\main\AndroidManifest.xml:21:19-47
32        <activity android:name="com.example.proyectocuy.Splash" >
32-->src\main\AndroidManifest.xml:22:9-28:20
32-->src\main\AndroidManifest.xml:22:19-41
33            <intent-filter>
33-->src\main\AndroidManifest.xml:23:13-27:29
34                <action android:name="android.intent.action.MAIN" />
34-->src\main\AndroidManifest.xml:24:17-69
34-->src\main\AndroidManifest.xml:24:25-66
35
36                <category android:name="android.intent.category.LAUNCHER" />
36-->src\main\AndroidManifest.xml:26:17-77
36-->src\main\AndroidManifest.xml:26:27-74
37            </intent-filter>
38        </activity>
39        <activity android:name="com.example.proyectocuy.MainActivity" />
39-->src\main\AndroidManifest.xml:29:9-50
39-->src\main\AndroidManifest.xml:29:19-47
40        <activity
40-->[com.google.android.gms:play-services-auth:18.1.0] AndroidManifest.xml:23:9-27:75
41            android:name="com.google.android.gms.auth.api.signin.internal.SignInHubActivity"
41-->[com.google.android.gms:play-services-auth:18.1.0] AndroidManifest.xml:24:13-93
42            android:excludeFromRecents="true"
42-->[com.google.android.gms:play-services-auth:18.1.0] AndroidManifest.xml:25:13-46
43            android:exported="false"
43-->[com.google.android.gms:play-services-auth:18.1.0] AndroidManifest.xml:26:13-37
44            android:theme="@android:style/Theme.Translucent.NoTitleBar" />
44-->[com.google.android.gms:play-services-auth:18.1.0] AndroidManifest.xml:27:13-72
45        <!--
46            Service handling Google Sign-In user revocation. For apps that do not integrate with
47            Google Sign-In, this service will never be started.
48        -->
49        <service
49-->[com.google.android.gms:play-services-auth:18.1.0] AndroidManifest.xml:33:9-37:51
50            android:name="com.google.android.gms.auth.api.signin.RevocationBoundService"
50-->[com.google.android.gms:play-services-auth:18.1.0] AndroidManifest.xml:34:13-89
51            android:exported="true"
51-->[com.google.android.gms:play-services-auth:18.1.0] AndroidManifest.xml:35:13-36
52            android:permission="com.google.android.gms.auth.api.signin.permission.REVOCATION_NOTIFICATION"
52-->[com.google.android.gms:play-services-auth:18.1.0] AndroidManifest.xml:36:13-107
53            android:visibleToInstantApps="true" />
53-->[com.google.android.gms:play-services-auth:18.1.0] AndroidManifest.xml:37:13-48
54
55        <provider
55-->[com.squareup.picasso:picasso:2.71828] AndroidManifest.xml:8:9-11:40
56            android:name="com.squareup.picasso.PicassoProvider"
56-->[com.squareup.picasso:picasso:2.71828] AndroidManifest.xml:9:13-64
57            android:authorities="com.example.proyectocuy.com.squareup.picasso"
57-->[com.squareup.picasso:picasso:2.71828] AndroidManifest.xml:10:13-72
58            android:exported="false" />
58-->[com.squareup.picasso:picasso:2.71828] AndroidManifest.xml:11:13-37
59
60        <activity
60-->[com.google.android.gms:play-services-base:17.1.0] AndroidManifest.xml:23:9-26:75
61            android:name="com.google.android.gms.common.api.GoogleApiActivity"
61-->[com.google.android.gms:play-services-base:17.1.0] AndroidManifest.xml:24:13-79
62            android:exported="false"
62-->[com.google.android.gms:play-services-base:17.1.0] AndroidManifest.xml:25:13-37
63            android:theme="@android:style/Theme.Translucent.NoTitleBar" />
63-->[com.google.android.gms:play-services-base:17.1.0] AndroidManifest.xml:26:13-72
64
65        <meta-data
65-->[com.google.android.gms:play-services-basement:17.1.1] AndroidManifest.xml:23:9-25:69
66            android:name="com.google.android.gms.version"
66-->[com.google.android.gms:play-services-basement:17.1.1] AndroidManifest.xml:24:13-58
67            android:value="@integer/google_play_services_version" />
67-->[com.google.android.gms:play-services-basement:17.1.1] AndroidManifest.xml:25:13-66
68    </application>
69
70</manifest>